<?xml version="1.0" encoding="UTF-8"?>
<!-- Generated by org.testng.reporters.JUnitReportReporter -->
<testsuite skipped="0" hostname="ae089952" name="Scripts.TestCase1" tests="1" failures="0" timestamp="28 Oct 2018 09:36:49 GMT" time="39.590" errors="1">
  <testcase name="Basicflow" time="39.590" classname="Scripts.TestCase1">
    <error type="org.openqa.selenium.NoSuchElementException" message="no such element: Unable to locate element: {&quot;method&quot;:&quot;xpath&quot;,&quot;selector&quot;:&quot;/html/body/et-root/div[@class=&#039;app-content&#039;]/et-checkin[@class=&#039;ng-star-inserted&#039;]/main[@class=&#039;checkin__content&#039;]/div[@class=&#039;box&#039;]/et-personalise[@class=&#039;ng-star-inserted&#039;]/div[@class=&#039;personalise__booking-info&#039;]/div[@class=&#039;personalise__content personalise__content--booking-info&#039;]/div[@class=&#039;container-fluid&#039;]/div[@class=&#039;row&#039;]/div[@class=&#039;col-xs-12 col-md-8&#039;]/div[@class=&#039;personalise__booking-info--overview content__seating-summary&#039;]/div[@class=&#039;row between-xs&#039;]/div[@class=&#039;col-xs-12 col-sm-5  middle-sm personalise__booking-info--checkin-passengers&#039;]/div[@class=&#039;box&#039;]/div[@class=&#039;row&#039;]/div[@class=&#039;col-xs-12&#039;]/button[@class=&#039;personalise__booking-info--checkin-passengers--button&#039;]&quot;}
  (Session info: chrome=67.0.3396.87)
  (Driver info: chromedriver=2.40.565498 (ea082db3280dd6843ebfb08a625e3eb905c4f5ab),platform=Windows NT 6.1.7601 SP1 x86_64) (WARNING: The server did not provide any stacktrace information)
Command duration or timeout: 0 milliseconds
For documentation on this error, please visit: http://seleniumhq.org/exceptions/no_such_element.html
Build info: version: &#039;3.11.0&#039;, revision: &#039;e59cfb3&#039;, time: &#039;2018-03-11T20:26:55.152Z&#039;
System info: host: &#039;AE089952&#039;, ip: &#039;9.164.185.153&#039;, os.name: &#039;Windows 7&#039;, os.arch: &#039;amd64&#039;, os.version: &#039;6.1&#039;, java.version: &#039;1.8.0_171&#039;
Driver info: org.openqa.selenium.chrome.ChromeDriver
Capabilities {acceptInsecureCerts: false, acceptSslCerts: false, applicationCacheEnabled: false, browserConnectionEnabled: false, browserName: chrome, chrome: {chromedriverVersion: 2.40.565498 (ea082db3280dd6..., userDataDir: C:\Users\IBM_AD~1\AppData\L...}, cssSelectorsEnabled: true, databaseEnabled: false, handlesAlerts: true, hasTouchScreen: false, javascriptEnabled: true, locationContextEnabled: true, mobileEmulationEnabled: false, nativeEvents: true, networkConnectionEnabled: false, pageLoadStrategy: normal, platform: XP, platformName: XP, rotatable: false, setWindowRect: true, takesHeapSnapshot: true, takesScreenshot: true, unexpectedAlertBehaviour: , unhandledPromptBehavior: , version: 67.0.3396.87, webStorageEnabled: true}
Session ID: ce61727a224a4043a6e73938acb68552
*** Element info: {Using=xpath, value=/html/body/et-root/div[@class=&#039;app-content&#039;]/et-checkin[@class=&#039;ng-star-inserted&#039;]/main[@class=&#039;checkin__content&#039;]/div[@class=&#039;box&#039;]/et-personalise[@class=&#039;ng-star-inserted&#039;]/div[@class=&#039;personalise__booking-info&#039;]/div[@class=&#039;personalise__content personalise__content--booking-info&#039;]/div[@class=&#039;container-fluid&#039;]/div[@class=&#039;row&#039;]/div[@class=&#039;col-xs-12 col-md-8&#039;]/div[@class=&#039;personalise__booking-info--overview content__seating-summary&#039;]/div[@class=&#039;row between-xs&#039;]/div[@class=&#039;col-xs-12 col-sm-5  middle-sm personalise__booking-info--checkin-passengers&#039;]/div[@class=&#039;box&#039;]/div[@class=&#039;row&#039;]/div[@class=&#039;col-xs-12&#039;]/button[@class=&#039;personalise__booking-info--checkin-passengers--button&#039;]}">
      <![CDATA[org.openqa.selenium.NoSuchElementException: no such element: Unable to locate element: {"method":"xpath","selector":"/html/body/et-root/div[@class='app-content']/et-checkin[@class='ng-star-inserted']/main[@class='checkin__content']/div[@class='box']/et-personalise[@class='ng-star-inserted']/div[@class='personalise__booking-info']/div[@class='personalise__content personalise__content--booking-info']/div[@class='container-fluid']/div[@class='row']/div[@class='col-xs-12 col-md-8']/div[@class='personalise__booking-info--overview content__seating-summary']/div[@class='row between-xs']/div[@class='col-xs-12 col-sm-5  middle-sm personalise__booking-info--checkin-passengers']/div[@class='box']/div[@class='row']/div[@class='col-xs-12']/button[@class='personalise__booking-info--checkin-passengers--button']"}  (Session info: chrome=67.0.3396.87)  (Driver info: chromedriver=2.40.565498 (ea082db3280dd6843ebfb08a625e3eb905c4f5ab),platform=Windows NT 6.1.7601 SP1 x86_64) (WARNING: The server did not provide any stacktrace information)Command duration or timeout: 0 millisecondsFor documentation on this error, please visit: http://seleniumhq.org/exceptions/no_such_element.htmlBuild info: version: '3.11.0', revision: 'e59cfb3', time: '2018-03-11T20:26:55.152Z'System info: host: 'AE089952', ip: '9.164.185.153', os.name: 'Windows 7', os.arch: 'amd64', os.version: '6.1', java.version: '1.8.0_171'Driver info: org.openqa.selenium.chrome.ChromeDriverCapabilities {acceptInsecureCerts: false, acceptSslCerts: false, applicationCacheEnabled: false, browserConnectionEnabled: false, browserName: chrome, chrome: {chromedriverVersion: 2.40.565498 (ea082db3280dd6..., userDataDir: C:\Users\IBM_AD~1\AppData\L...}, cssSelectorsEnabled: true, databaseEnabled: false, handlesAlerts: true, hasTouchScreen: false, javascriptEnabled: true, locationContextEnabled: true, mobileEmulationEnabled: false, nativeEvents: true, networkConnectionEnabled: false, pageLoadStrategy: normal, platform: XP, platformName: XP, rotatable: false, setWindowRect: true, takesHeapSnapshot: true, takesScreenshot: true, unexpectedAlertBehaviour: , unhandledPromptBehavior: , version: 67.0.3396.87, webStorageEnabled: true}Session ID: ce61727a224a4043a6e73938acb68552*** Element info: {Using=xpath, value=/html/body/et-root/div[@class='app-content']/et-checkin[@class='ng-star-inserted']/main[@class='checkin__content']/div[@class='box']/et-personalise[@class='ng-star-inserted']/div[@class='personalise__booking-info']/div[@class='personalise__content personalise__content--booking-info']/div[@class='container-fluid']/div[@class='row']/div[@class='col-xs-12 col-md-8']/div[@class='personalise__booking-info--overview content__seating-summary']/div[@class='row between-xs']/div[@class='col-xs-12 col-sm-5  middle-sm personalise__booking-info--checkin-passengers']/div[@class='box']/div[@class='row']/div[@class='col-xs-12']/button[@class='personalise__booking-info--checkin-passengers--button']}at sun.reflect.NativeConstructorAccessorImpl.newInstance0(Native Method)at sun.reflect.NativeConstructorAccessorImpl.newInstance(NativeConstructorAccessorImpl.java:62)at sun.reflect.DelegatingConstructorAccessorImpl.newInstance(DelegatingConstructorAccessorImpl.java:45)at java.lang.reflect.Constructor.newInstance(Constructor.java:423)at org.openqa.selenium.remote.ErrorHandler.createThrowable(ErrorHandler.java:214)at org.openqa.selenium.remote.ErrorHandler.throwIfResponseFailed(ErrorHandler.java:166)at org.openqa.selenium.remote.http.JsonHttpResponseCodec.reconstructValue(JsonHttpResponseCodec.java:40)at org.openqa.selenium.remote.http.AbstractHttpResponseCodec.decode(AbstractHttpResponseCodec.java:80)at org.openqa.selenium.remote.http.AbstractHttpResponseCodec.decode(AbstractHttpResponseCodec.java:44)at org.openqa.selenium.remote.HttpCommandExecutor.execute(HttpCommandExecutor.java:158)at org.openqa.selenium.remote.service.DriverCommandExecutor.execute(DriverCommandExecutor.java:83)at org.openqa.selenium.remote.RemoteWebDriver.execute(RemoteWebDriver.java:545)at org.openqa.selenium.remote.RemoteWebDriver.findElement(RemoteWebDriver.java:319)at org.openqa.selenium.remote.RemoteWebDriver.findElementByXPath(RemoteWebDriver.java:421)at org.openqa.selenium.By$ByXPath.findElement(By.java:361)at org.openqa.selenium.remote.RemoteWebDriver.findElement(RemoteWebDriver.java:311)at CustCommands.ActionDriver.Click(ActionDriver.java:60)at Scripts.TestCase1.Basicflow(TestCase1.java:49)at sun.reflect.NativeMethodAccessorImpl.invoke0(Native Method)at sun.reflect.NativeMethodAccessorImpl.invoke(NativeMethodAccessorImpl.java:62)at sun.reflect.DelegatingMethodAccessorImpl.invoke(DelegatingMethodAccessorImpl.java:43)at java.lang.reflect.Method.invoke(Method.java:498)at org.testng.internal.MethodInvocationHelper.invokeMethod(MethodInvocationHelper.java:124)at org.testng.internal.Invoker.invokeMethod(Invoker.java:571)at org.testng.internal.Invoker.invokeTestMethod(Invoker.java:707)at org.testng.internal.Invoker.invokeTestMethods(Invoker.java:979)at org.testng.internal.TestMethodWorker.invokeTestMethods(TestMethodWorker.java:125)at org.testng.internal.TestMethodWorker.run(TestMethodWorker.java:109)at org.testng.TestRunner.privateRun(TestRunner.java:648)at org.testng.TestRunner.run(TestRunner.java:505)at org.testng.SuiteRunner.runTest(SuiteRunner.java:455)at org.testng.SuiteRunner.runSequentially(SuiteRunner.java:450)at org.testng.SuiteRunner.privateRun(SuiteRunner.java:415)at org.testng.SuiteRunner.run(SuiteRunner.java:364)at org.testng.SuiteRunnerWorker.runSuite(SuiteRunnerWorker.java:52)at org.testng.SuiteRunnerWorker.run(SuiteRunnerWorker.java:84)at org.testng.TestNG.runSuitesSequentially(TestNG.java:1187)at org.testng.TestNG.runSuitesLocally(TestNG.java:1116)at org.testng.TestNG.runSuites(TestNG.java:1028)at org.testng.TestNG.run(TestNG.java:996)at org.testng.remote.AbstractRemoteTestNG.run(AbstractRemoteTestNG.java:114)at org.testng.remote.RemoteTestNG.initAndRun(RemoteTestNG.java:251)at org.testng.remote.RemoteTestNG.main(RemoteTestNG.java:77)]]>
    </error>
  </testcase> <!-- Basicflow -->
</testsuite> <!-- Scripts.TestCase1 -->
